<?xml version="1.0" encoding="UTF-8"?>
<!-- Generated by org.testng.reporters.JUnitReportReporter -->
<testsuite hostname="LAPTOP-IVR6CHF7" failures="0" tests="3" name="tests.Class_26_End_to_framework" time="6.544" errors="0" timestamp="2024-09-12T18:20:52 IST" skipped="0">
  <testcase classname="tests.Class_26_End_to_framework" name="createBooking" time="1.731"/>
  <testcase classname="tests.Class_26_End_to_framework" name="updateBooking" time="2.049"/>
  <testcase classname="tests.Class_26_End_to_framework" name="deleteBooking" time="2.764"/>
</testsuite> <!-- tests.Class_26_End_to_framework -->
