<?xml version="1.0" encoding="UTF-8"?>
<!-- Generated by org.testng.reporters.JUnitReportReporter -->
<testsuite hostname="LAPTOP-IVR6CHF7" failures="0" tests="3" name="tests.Class_26_End_to_frameworkTest" time="5.039" errors="0" timestamp="2024-09-14T09:52:03 IST" skipped="0">
  <testcase classname="tests.Class_26_End_to_frameworkTest" name="createBooking" time="1.619"/>
  <testcase classname="tests.Class_26_End_to_frameworkTest" name="updateBooking" time="1.160"/>
  <testcase classname="tests.Class_26_End_to_frameworkTest" name="deleteBooking" time="2.260"/>
</testsuite> <!-- tests.Class_26_End_to_frameworkTest -->
