<?xml version="1.0" encoding="UTF-8"?>
<!-- Generated by org.testng.reporters.JUnitReportReporter -->
<testsuite hostname="LAPTOP-IVR6CHF7" failures="0" tests="1" name="utils.GenericDateUtils" time="0.149" errors="0" timestamp="2024-09-11T01:15:26 IST" skipped="0">
  <testcase classname="utils.GenericDateUtils" name="getDate" time="0.149"/>
</testsuite> <!-- utils.GenericDateUtils -->
