<?xml version="1.0" encoding="UTF-8"?>
<!-- Generated by org.testng.reporters.JUnitReportReporter -->
<testsuite hostname="LAPTOP-IVR6CHF7" failures="0" tests="1" name="tests.BookingAPIusingFramework" time="1.308" errors="0" timestamp="2024-09-11T01:36:58 IST" skipped="0">
  <testcase classname="tests.BookingAPIusingFramework" name="createBooking" time="1.308"/>
</testsuite> <!-- tests.BookingAPIusingFramework -->
