<?xml version="1.0" encoding="UTF-8"?>
<!-- Generated by org.testng.reporters.JUnitReportReporter -->
<testsuite hostname="LAPTOP-IVR6CHF7" failures="0" tests="3" name="tests.Class_26_End_to_frameworkTest" time="4.941" errors="0" timestamp="2024-09-17T17:24:52 IST" skipped="0">
  <testcase classname="tests.Class_26_End_to_frameworkTest" name="createBooking" time="1.512"/>
  <testcase classname="tests.Class_26_End_to_frameworkTest" name="updateBooking" time="1.125"/>
  <testcase classname="tests.Class_26_End_to_frameworkTest" name="deleteBooking" time="2.304"/>
</testsuite> <!-- tests.Class_26_End_to_frameworkTest -->
