<?xml version="1.0" encoding="UTF-8"?>
<!-- Generated by org.testng.reporters.JUnitReportReporter -->
<testsuite hostname="LAPTOP-IVR6CHF7" failures="0" tests="4" name="tests.Class_26_BookingAPIusingFramework_usingBuilder2" time="8.157" errors="0" timestamp="2024-09-11T12:14:52 IST" skipped="0">
  <testcase classname="tests.Class_26_BookingAPIusingFramework_usingBuilder2" name="createToken" time="4.000"/>
  <testcase classname="tests.Class_26_BookingAPIusingFramework_usingBuilder2" name="createBooking" time="1.480"/>
  <testcase classname="tests.Class_26_BookingAPIusingFramework_usingBuilder2" name="updateBooking" time="1.354"/>
  <testcase classname="tests.Class_26_BookingAPIusingFramework_usingBuilder2" name="deleteBooking" time="1.323"/>
</testsuite> <!-- tests.Class_26_BookingAPIusingFramework_usingBuilder2 -->
