<?xml version="1.0" encoding="UTF-8"?>
<!-- Generated by org.testng.reporters.JUnitReportReporter -->
<testsuite hostname="LAPTOP-IVR6CHF7" failures="0" tests="1" name="tests.BookingAPIusingFramework_usingPogo" time="2.085" errors="0" timestamp="2024-09-11T01:36:58 IST" skipped="0">
  <testcase classname="tests.BookingAPIusingFramework_usingPogo" name="createBooking" time="2.085"/>
</testsuite> <!-- tests.BookingAPIusingFramework_usingPogo -->
