<?xml version="1.0" encoding="UTF-8"?>
<!-- Generated by org.testng.reporters.JUnitReportReporter -->
<testsuite hostname="LAPTOP-IVR6CHF7" failures="0" tests="1" name="config.ConfigManager" time="0.011" errors="0" timestamp="2024-09-12T14:10:15 IST" skipped="0">
  <testcase classname="config.ConfigManager" name="updatePropertyFile" time="0.011"/>
</testsuite> <!-- config.ConfigManager -->
