<?xml version="1.0" encoding="UTF-8"?>
<!-- Generated by org.testng.reporters.JUnitReportReporter -->
<testsuite hostname="LAPTOP-IVR6CHF7" failures="0" tests="1" name="tests.Sampletest" time="0.015" errors="0" timestamp="2024-09-18T12:34:36 IST" skipped="0">
  <testcase classname="tests.Sampletest" name="test1" time="0.015"/>
</testsuite> <!-- tests.Sampletest -->
