<?xml version="1.0" encoding="UTF-8"?>
<!-- Generated by org.testng.reporters.JUnitReportReporter -->
<testsuite hostname="LAPTOP-IVR6CHF7" failures="0" tests="1" name="base.BaseTest" time="1.140" errors="0" timestamp="2024-09-12T15:19:42 IST" skipped="0">
  <testcase classname="base.BaseTest" name="generateandStoreToken" time="1.140"/>
</testsuite> <!-- base.BaseTest -->
