<?xml version="1.0" encoding="UTF-8"?>
<!-- Generated by org.testng.reporters.JUnitReportReporter -->
<testsuite hostname="LAPTOP-IVR6CHF7" failures="0" tests="2" name="tests.Class_26_E2E_framework_DDT" time="2.571" errors="0" timestamp="2024-09-24T12:09:17 IST" skipped="0">
  <testcase classname="tests.Class_26_E2E_framework_DDT" name="createBooking" time="1.124"/>
  <testcase classname="tests.Class_26_E2E_framework_DDT" name="createBooking" time="1.447"/>
</testsuite> <!-- tests.Class_26_E2E_framework_DDT -->
