<?xml version="1.0" encoding="UTF-8"?>
<!-- Generated by org.testng.reporters.JUnitReportReporter -->
<testsuite hostname="LAPTOP-IVR6CHF7" failures="0" tests="1" name="tests.BookingAPIs_ex1" time="3.442" errors="0" timestamp="2024-09-11T10:58:04 IST" skipped="0">
  <testcase classname="tests.BookingAPIs_ex1" name="createBooking" time="3.442"/>
</testsuite> <!-- tests.BookingAPIs_ex1 -->
