<?xml version="1.0" encoding="UTF-8"?>
<!-- Generated by org.testng.reporters.JUnitReportReporter -->
<testsuite hostname="LAPTOP-IVR6CHF7" failures="0" tests="3" name="tests.Class_26_End_to_frameworkTest" time="10.003" errors="0" timestamp="2024-09-13T17:18:05 IST" skipped="0">
  <testcase classname="tests.Class_26_End_to_frameworkTest" name="createBooking" time="5.078"/>
  <testcase classname="tests.Class_26_End_to_frameworkTest" name="updateBooking" time="1.192"/>
  <testcase classname="tests.Class_26_End_to_frameworkTest" name="deleteBooking" time="3.733"/>
</testsuite> <!-- tests.Class_26_End_to_frameworkTest -->
